\BOOKMARK [0][-]{chapter*.4}{Daftar Gambar}{}% 1
\BOOKMARK [0][-]{chapter*.5}{Daftar Tabel}{}% 2
\BOOKMARK [0][-]{chapter*.7}{Foreword}{}% 3
\BOOKMARK [0][-]{chapter*.8}{Kata Pengantar}{}% 4
\BOOKMARK [0][-]{chapter*.9}{Acknowledgments}{}% 5
\BOOKMARK [0][-]{chapter*.10}{Acronyms}{}% 6
\BOOKMARK [0][-]{chapter*.11}{Glossary}{}% 7
\BOOKMARK [0][-]{chapter*.12}{List of Symbols}{}% 8
\BOOKMARK [0][-]{chapter*.13}{Introduction}{}% 9
\BOOKMARK [0][-]{chapter*.13}{Rolly Maulana Awangga, S.T., M.T.}{}% 10
\BOOKMARK [0][-]{chapter.1}{Tugas Pertama}{}% 11
\BOOKMARK [1][-]{section.1.1}{NAMA \(NPM\)}{chapter.1}% 12
\BOOKMARK [2][-]{subsection.1.1.1}{Pengertian}{section.1.1}% 13
\BOOKMARK [2][-]{subsection.1.1.2}{Sejarah}{section.1.1}% 14
\BOOKMARK [2][-]{subsection.1.1.3}{Koordinat}{section.1.1}% 15
\BOOKMARK [2][-]{subsection.1.1.4}{Data Geospasial}{section.1.1}% 16
\BOOKMARK [2][-]{subsection.1.1.5}{Link}{section.1.1}% 17
\BOOKMARK [2][-]{subsection.1.1.6}{Plagiarism}{section.1.1}% 18
\BOOKMARK [2][-]{subsection.1.1.7}{Cara Penggunaan}{section.1.1}% 19
\BOOKMARK [1][-]{section.1.2}{D. Irga B. Naufal Fakhri \(1174066\)}{chapter.1}% 20
\BOOKMARK [2][-]{subsection.1.2.1}{Koordinat}{section.1.2}% 21
\BOOKMARK [2][-]{subsection.1.2.2}{Link}{section.1.2}% 22
\BOOKMARK [2][-]{subsection.1.2.3}{Plagiarism}{section.1.2}% 23
